Processing dataset: s_Slovene
Downloaded and extracted 'Slovenian Training corpus SUK 1.0' successfully.
Processing dataset: ns_Slovene
Downloaded and extracted 'Slovenian CMC training corpus Janes-Tag 3.0 ' successfully.
Processing dataset: s_Croatian
Downloaded 'Croatian linguistic training corpus hr500k 2.0' successfully.
Processing dataset: ns_Croatian
Downloaded 'Croatian Twitter training corpus ReLDI-NormTagNER-hr 3.0' successfully.
Processing dataset: s_Serbian
Downloaded 'Serbian linguistic training corpus SETimes.SR 2.0' successfully.
Processing dataset: ns_Serbian
Downloaded 'Serbian Twitter training corpus ReLDI-NormTagNER-sr 3.0' successfully.
Processing dataset: s_Slovene
              sentence_id    words labels
0  elexiswsd1.1.sl.130814        V      O
1  elexiswsd1.1.sl.130814     peti      O
2  elexiswsd1.1.sl.130814   sezoni      O
3  elexiswsd1.1.sl.130814       so      O
4  elexiswsd1.1.sl.130814  program      O


                      sentence_id  words labels
count                       31233  31233  31233
unique                       2024  10961     10
top     elexiswsd1.1416.sl.132238      .      O
freq                           44   2019  28508


O              0.912753
B-loc          0.022668
B-per          0.015753
I-misc         0.009765
B-org          0.008677
B-misc         0.008196
I-org          0.008036
I-per          0.007748
I-loc          0.005059
B-deriv-per    0.001345
Name: labels, dtype: float64




Extracted dataset saved as datasets/SUK.CoNLL-U/elexiswsd.ud.conllu_extracted.json
       sentence_id     words labels
0  senticoref1.1.1  Evropska  B-org
1  senticoref1.1.1  komisija  I-org
2  senticoref1.1.1      mora      O
3  senticoref1.1.1  narediti      O
4  senticoref1.1.1   analizo      O


               sentence_id   words  labels
count               391962  391962  391962
unique               18142   41375      11
top     senticoref8298.1.3       ,       O
freq                   172   26072  350085


O              0.893161
B-org          0.031220
B-per          0.019211
I-org          0.018879
B-loc          0.017675
I-per          0.011448
I-misc         0.002669
B-misc         0.002618
I-loc          0.002189
B-deriv-per    0.000926
I-deriv-per    0.000005
Name: labels, dtype: float64




Extracted dataset saved as datasets/SUK.CoNLL-U/senticoref.ud.conllu_extracted.json
  sentence_id    words labels
0    ssj1.1.1        "      O
1    ssj1.1.1  Tistega      O
2    ssj1.1.1   večera      O
3    ssj1.1.1      sem      O
4    ssj1.1.1   preveč      O


             sentence_id   words  labels
count             235864  235864  235864
unique             11411   48714      11
top     ssj531.2796.9962       ,       O
freq                 232   17551  224568


O              0.952108
B-per          0.012414
B-loc          0.008340
I-per          0.005872
B-org          0.005749
I-org          0.005558
I-misc         0.004617
B-misc         0.002552
I-loc          0.002090
B-deriv-per    0.000691
I-deriv-per    0.000008
Name: labels, dtype: float64




Extracted dataset saved as datasets/SUK.CoNLL-U/ssj500k-syn.ud.conllu_extracted.json
Processing dataset: ns_Slovene
                sentence_id             words labels
0  tid.519476716902051840.1  @PrinasalkaZlata  B-per
1  tid.519476716902051840.1                :D      O
2  tid.519476716902051840.1                jp      O
3  tid.519476716902051840.1               res      O
4  tid.519476716902051840.1                 ,      O


                          sentence_id  words labels
count                           75926  75926  75926
unique                           7781  20146     10
top     janes.news.reporter.27057.6.1      ,      O
freq                               54   3866  70762


O              0.931986
B-per          0.046638
B-org          0.006282
B-loc          0.005426
B-misc         0.004373
I-misc         0.002002
I-per          0.001383
I-org          0.001067
B-deriv-per    0.000500
I-loc          0.000342
Name: labels, dtype: float64




Extracted dataset saved as datasets/Janes-Tag.3.0.CoNLL-U/janes-tag.ud.conllu_extracted.json
Processing dataset: s_Croatian
  sentence_id          words labels split
0   set.hr-s1         Proces      *   dev
1   set.hr-s1  privatizacije      *   dev
2   set.hr-s1             na      *   dev
3   set.hr-s1         Kosovu  B-loc   dev
4   set.hr-s1            pod      *   dev


        sentence_id   words  labels   split
count        499635  499635  499635  499635
unique        24763   73456      11       3
top     bug.hr-s525       ,       *   train
freq            255   26303  462502  398681


train    0.797944
test     0.102455
dev      0.099601
Name: split, dtype: float64


*              0.925680
B-per          0.013660
B-org          0.013116
B-loc          0.012607
I-org          0.009711
I-misc         0.008124
I-per          0.006973
B-misc         0.006903
I-loc          0.002502
B-deriv-per    0.000723
I-deriv-per    0.000002
Name: labels, dtype: float64




Extracted dataset saved as datasets/hr500k.conllup_extracted.json
Processing dataset: ns_Croatian
            sentence_id    words labels  split
0  344431071296884736.1   Vakula  B-per  train
1  344431071296884736.1    dragi      *  train
2  344431071296884736.1  Drakula  B-per  train
3  344431071296884736.1        ,      *  train
4  344431071296884736.1     kiša      *  train


                 sentence_id  words labels  split
count                  89855  89855  89855  89855
unique                  7939  27154     11      3
top     376456263439507456.1      ,      *  train
freq                      39   3224  82575  71967


train    0.800924
test     0.099627
dev      0.099449
Name: split, dtype: float64


*              0.918981
B-per          0.039697
B-org          0.009871
B-misc         0.008759
I-misc         0.007579
B-loc          0.006566
I-per          0.004006
I-org          0.003094
I-loc          0.000857
B-deriv-per    0.000579
I-deriv-per    0.000011
Name: labels, dtype: float64




Extracted dataset saved as datasets/reldi-normtagner-hr.conllup_extracted.json
Processing dataset: s_Serbian
  sentence_id          words labels split
0      set-s1         Proces      *   dev
1      set-s1  privatizacije      *   dev
2      set-s1             na      *   dev
3      set-s1         Kosovu  B-loc   dev
4      set-s1            pod      *   dev


       sentence_id  words labels  split
count        97673  97673  97673  97673
unique        4384  19712     10      3
top      news-s306      ,      *  train
freq            88   4983  86875  74259


train    0.760282
dev      0.122787
test     0.116931
Name: split, dtype: float64


*              0.889447
B-loc          0.028043
B-org          0.020405
B-per          0.020087
I-org          0.014589
I-per          0.012317
I-misc         0.005928
I-loc          0.004843
B-misc         0.003379
B-deriv-per    0.000962
Name: labels, dtype: float64




Extracted dataset saved as datasets/set.sr.plus.conllup_extracted.json
Processing dataset: ns_Serbian
            sentence_id      words labels  split
0  490437095392301056.1  @vukomand  B-per  train
1  490437095392301056.1    Gospođo      *  train
2  490437095392301056.1     Dijana  B-per  train
3  490437095392301056.1       koje      *  train
4  490437095392301056.1     lekove      *  train


                 sentence_id  words labels  split
count                  92271  92271  92271  92271
unique                  6899  24385     12      3
top     501127368661274624.1      ,      *  train
freq                      35   4313  87371  73943


train    0.801368
dev      0.099771
test     0.098861
Name: split, dtype: float64


*              0.946896
B-per          0.025848
B-org          0.007630
B-loc          0.005657
B-misc         0.004411
I-per          0.003555
I-misc         0.003186
I-org          0.001420
B-deriv-per    0.000759
I-loc          0.000574
B-*            0.000033
I-*            0.000033
Name: labels, dtype: float64




Extracted dataset saved as datasets/reldi-normtagner-sr.conllup_extracted.json
