Some weights of the model checkpoint at EMBEDDIA/crosloengual-bert were not used when initializing BertForTokenClassification: ['cls.predictions.transform.LayerNorm.bias', 'cls.seq_relationship.bias', 'cls.predictions.bias', 'cls.seq_relationship.weight', 'cls.predictions.transform.dense.weight', 'cls.predictions.decoder.weight', 'cls.predictions.transform.dense.bias', 'cls.predictions.transform.LayerNorm.weight']
- This IS expected if you are initializing BertForTokenClassification from the checkpoint of a model trained on another task or with another architecture (e.g. initializing a BertForSequenceClassification model from a BertForPreTraining model).
- This IS NOT expected if you are initializing BertForTokenClassification from the checkpoint of a model that you expect to be exactly identical (initializing a BertForSequenceClassification model from a BertForSequenceClassification model).
Some weights of BertForTokenClassification were not initialized from the model checkpoint at EMBEDDIA/crosloengual-bert and are newly initialized: ['classifier.weight', 'classifier.bias']
You should probably TRAIN this model on a down-stream task to be able to use it for predictions and inference.
INFO:simpletransformers.ner.ner_model: Converting to features started.
['B-per', 'O', 'B-org', 'B-loc', 'I-org', 'B-misc', 'I-misc', 'I-loc', 'B-deriv-per', 'I-per', 'I-deriv-per']
(71967, 3) (8952, 3) (8936, 3)
   sentence_id    words labels
0            0   Vakula  B-per
1            0    dragi      O
2            0  Drakula  B-per
3            0        ,      O
4            0     kiša      O
Training started. Current model: csebert, no. of epochs: 9
/home/tajak/NER-recognition/ner/lib/python3.8/site-packages/torch/optim/lr_scheduler.py:139: UserWarning: Detected call of `lr_scheduler.step()` before `optimizer.step()`. In PyTorch 1.1.0 and later, you should call them in the opposite order: `optimizer.step()` before `lr_scheduler.step()`.  Failure to do this will result in PyTorch skipping the first value of the learning rate schedule. See more details at https://pytorch.org/docs/stable/optim.html#how-to-adjust-learning-rate
  warnings.warn("Detected call of `lr_scheduler.step()` before `optimizer.step()`. "
INFO:simpletransformers.ner.ner_model: Training of bert model complete. Saved to outputs/.
INFO:simpletransformers.ner.ner_model: Converting to features started.
Training completed.
It took 2.8 minutes for 71967 instances.
INFO:simpletransformers.ner.ner_model:{'eval_loss': 0.11421000202758431, 'precision': 0.8362369337979094, 'recall': 0.8347826086956521, 'f1_score': 0.8355091383812011}
Some weights of the model checkpoint at xlm-roberta-base were not used when initializing XLMRobertaForTokenClassification: ['lm_head.bias', 'lm_head.dense.bias', 'lm_head.layer_norm.bias', 'lm_head.dense.weight', 'lm_head.layer_norm.weight']
- This IS expected if you are initializing XLMRobertaForTokenClassification from the checkpoint of a model trained on another task or with another architecture (e.g. initializing a BertForSequenceClassification model from a BertForPreTraining model).
- This IS NOT expected if you are initializing XLMRobertaForTokenClassification from the checkpoint of a model that you expect to be exactly identical (initializing a BertForSequenceClassification model from a BertForSequenceClassification model).
Some weights of XLMRobertaForTokenClassification were not initialized from the model checkpoint at xlm-roberta-base and are newly initialized: ['classifier.weight', 'classifier.bias']
You should probably TRAIN this model on a down-stream task to be able to use it for predictions and inference.
INFO:simpletransformers.ner.ner_model: Converting to features started.
Evaluation completed.
It took 0.15 minutes for 8952 instances.
Macro f1: 0.795, Micro f1: 0.981
Accuracy: 0.981
Run 0 finished.
Training started. Current model: xlm-r-base, no. of epochs: 11
/home/tajak/NER-recognition/ner/lib/python3.8/site-packages/torch/optim/lr_scheduler.py:139: UserWarning: Detected call of `lr_scheduler.step()` before `optimizer.step()`. In PyTorch 1.1.0 and later, you should call them in the opposite order: `optimizer.step()` before `lr_scheduler.step()`.  Failure to do this will result in PyTorch skipping the first value of the learning rate schedule. See more details at https://pytorch.org/docs/stable/optim.html#how-to-adjust-learning-rate
  warnings.warn("Detected call of `lr_scheduler.step()` before `optimizer.step()`. "
INFO:simpletransformers.ner.ner_model: Training of xlmroberta model complete. Saved to outputs/.
INFO:simpletransformers.ner.ner_model: Converting to features started.
Training completed.
It took 3.93 minutes for 71967 instances.
INFO:simpletransformers.ner.ner_model:{'eval_loss': 0.13305341920466762, 'precision': 0.794314381270903, 'recall': 0.8260869565217391, 'f1_score': 0.8098891730605287}
Some weights of the model checkpoint at xlm-roberta-large were not used when initializing XLMRobertaForTokenClassification: ['lm_head.bias', 'lm_head.dense.bias', 'lm_head.layer_norm.bias', 'lm_head.dense.weight', 'lm_head.layer_norm.weight']
- This IS expected if you are initializing XLMRobertaForTokenClassification from the checkpoint of a model trained on another task or with another architecture (e.g. initializing a BertForSequenceClassification model from a BertForPreTraining model).
- This IS NOT expected if you are initializing XLMRobertaForTokenClassification from the checkpoint of a model that you expect to be exactly identical (initializing a BertForSequenceClassification model from a BertForSequenceClassification model).
Some weights of XLMRobertaForTokenClassification were not initialized from the model checkpoint at xlm-roberta-large and are newly initialized: ['classifier.weight', 'classifier.bias']
You should probably TRAIN this model on a down-stream task to be able to use it for predictions and inference.
INFO:simpletransformers.ner.ner_model: Converting to features started.
Evaluation completed.
It took 0.2 minutes for 8952 instances.
Macro f1: 0.729, Micro f1: 0.977
Accuracy: 0.977
Run 0 finished.
Training started. Current model: xlm-r-large, no. of epochs: 7
Traceback (most recent call last):
  File "ner-classification-lr-experiments.py", line 196, in <module>
    current_results_dict = train_and_test(model, train_df, test_df, dataset_path, LABELS)
  File "ner-classification-lr-experiments.py", line 129, in train_and_test
    current_model.train_model(train_df)
  File "/home/tajak/NER-recognition/ner/lib/python3.8/site-packages/simpletransformers/ner/ner_model.py", line 513, in train_model
    global_step, training_details = self.train(
  File "/home/tajak/NER-recognition/ner/lib/python3.8/site-packages/simpletransformers/ner/ner_model.py", line 783, in train
    loss, *_ = self._calculate_loss(
  File "/home/tajak/NER-recognition/ner/lib/python3.8/site-packages/simpletransformers/ner/ner_model.py", line 1988, in _calculate_loss
    outputs = model(**inputs)
  File "/home/tajak/NER-recognition/ner/lib/python3.8/site-packages/torch/nn/modules/module.py", line 1501, in _call_impl
    return forward_call(*args, **kwargs)
  File "/home/tajak/NER-recognition/ner/lib/python3.8/site-packages/transformers/models/xlm_roberta/modeling_xlm_roberta.py", line 1427, in forward
    outputs = self.roberta(
  File "/home/tajak/NER-recognition/ner/lib/python3.8/site-packages/torch/nn/modules/module.py", line 1501, in _call_impl
    return forward_call(*args, **kwargs)
  File "/home/tajak/NER-recognition/ner/lib/python3.8/site-packages/transformers/models/xlm_roberta/modeling_xlm_roberta.py", line 854, in forward
    encoder_outputs = self.encoder(
  File "/home/tajak/NER-recognition/ner/lib/python3.8/site-packages/torch/nn/modules/module.py", line 1501, in _call_impl
    return forward_call(*args, **kwargs)
  File "/home/tajak/NER-recognition/ner/lib/python3.8/site-packages/transformers/models/xlm_roberta/modeling_xlm_roberta.py", line 528, in forward
    layer_outputs = layer_module(
  File "/home/tajak/NER-recognition/ner/lib/python3.8/site-packages/torch/nn/modules/module.py", line 1501, in _call_impl
    return forward_call(*args, **kwargs)
  File "/home/tajak/NER-recognition/ner/lib/python3.8/site-packages/transformers/models/xlm_roberta/modeling_xlm_roberta.py", line 412, in forward
    self_attention_outputs = self.attention(
  File "/home/tajak/NER-recognition/ner/lib/python3.8/site-packages/torch/nn/modules/module.py", line 1501, in _call_impl
    return forward_call(*args, **kwargs)
  File "/home/tajak/NER-recognition/ner/lib/python3.8/site-packages/transformers/models/xlm_roberta/modeling_xlm_roberta.py", line 339, in forward
    self_outputs = self.self(
  File "/home/tajak/NER-recognition/ner/lib/python3.8/site-packages/torch/nn/modules/module.py", line 1501, in _call_impl
    return forward_call(*args, **kwargs)
  File "/home/tajak/NER-recognition/ner/lib/python3.8/site-packages/transformers/models/xlm_roberta/modeling_xlm_roberta.py", line 259, in forward
    attention_scores = attention_scores / math.sqrt(self.attention_head_size)
torch.cuda.OutOfMemoryError: CUDA out of memory. Tried to allocate 64.00 MiB (GPU 0; 39.59 GiB total capacity; 13.80 GiB already allocated; 45.19 MiB free; 13.82 GiB reserved in total by PyTorch) If reserved memory is >> allocated memory try setting max_split_size_mb to avoid fragmentation.  See documentation for Memory Management and PYTORCH_CUDA_ALLOC_CONF
